0 info it worked if it ends with ok
1 verbose cli [ 'C:\\Program Files\\nodejs\\node.exe',
1 verbose cli   'C:\\Program Files\\nodejs\\node_modules\\npm\\bin\\npm-cli.js',
1 verbose cli   'publish' ]
2 info using npm@3.10.10
3 info using node@v6.9.5
4 verbose publish [ '.' ]
5 silly cache add args [ '.', null ]
6 verbose cache add spec .
7 silly cache add parsed spec Result {
7 silly cache add   raw: '.',
7 silly cache add   scope: null,
7 silly cache add   escapedName: null,
7 silly cache add   name: null,
7 silly cache add   rawSpec: '.',
7 silly cache add   spec: 'D:\\Source\\leaflet-browserPrint',
7 silly cache add   type: 'directory' }
8 verbose addLocalDirectory C:\Users\User\AppData\Roaming\npm-cache\leaflet-browserPrint\0.1.0\package.tgz not in flight; packing
9 verbose correctMkdir C:\Users\User\AppData\Roaming\npm-cache correctMkdir not in flight; initializing
10 info lifecycle leaflet-browserPrint@0.1.0~prepublish: leaflet-browserPrint@0.1.0
11 silly lifecycle leaflet-browserPrint@0.1.0~prepublish: no script for prepublish, continuing
12 verbose tar pack [ 'C:\\Users\\User\\AppData\\Roaming\\npm-cache\\leaflet-browserPrint\\0.1.0\\package.tgz',
12 verbose tar pack   'D:\\Source\\leaflet-browserPrint' ]
13 verbose tarball C:\Users\User\AppData\Roaming\npm-cache\leaflet-browserPrint\0.1.0\package.tgz
14 verbose folder D:\Source\leaflet-browserPrint
15 verbose addLocalTarball adding from inside cache C:\Users\User\AppData\Roaming\npm-cache\leaflet-browserPrint\0.1.0\package.tgz
16 verbose correctMkdir C:\Users\User\AppData\Roaming\npm-cache correctMkdir not in flight; initializing
17 silly cache afterAdd leaflet-browserPrint@0.1.0
18 verbose afterAdd C:\Users\User\AppData\Roaming\npm-cache\leaflet-browserPrint\0.1.0\package\package.json not in flight; writing
19 verbose correctMkdir C:\Users\User\AppData\Roaming\npm-cache correctMkdir not in flight; initializing
20 verbose afterAdd C:\Users\User\AppData\Roaming\npm-cache\leaflet-browserPrint\0.1.0\package\package.json written
21 silly publish { name: 'leaflet-browserPrint',
21 silly publish   version: '0.1.0',
21 silly publish   keywords: [ 'leaflet.js', 'browser', 'print' ],
21 silly publish   description: 'A leaflet plugin which allows users to print the map directly from the browser',
21 silly publish   homepage: 'https://github.com/Igor-Vladyka/leaflet-browserPrint',
21 silly publish   bugs: { url: 'https://github.com/Igor-Vladyka/leaflet-browserPrint/issues' },
21 silly publish   repository:
21 silly publish    { url: 'git+https://github.com/Igor-Vladyka/leaflet-browserPrint.git',
21 silly publish      type: 'git' },
21 silly publish   author:
21 silly publish    { name: 'Igor Vladyka',
21 silly publish      email: 'igor.vladyka@gmail.com',
21 silly publish      url: 'http://your-website.com' },
21 silly publish   license: 'MIT',
21 silly publish   readme: '## leaflet-browserPrint\r\n\r\nA [leaflet](http://www.leafletjs.com) plugin which allows users to print the map directly from the browser. Compatible with all versions off Leaflet.js.\r\n\r\nCheck out the [DEMO](https://igor-vladyka.github.io/leaflet-browserPrint/).\r\n\r\n### Usage\r\n**Step 1.** Include the required js and css files in your document.\r\n\r\n```html\r\n\t<link rel="stylesheet" href="dist/leaflet.browserPrint.css"/>\r\n\t<script src="dist/leaflet.browserPrint.js"></script>\r\n```\r\n\r\n**Step 2.** Add the following line of code to your map script\r\n\r\n``` js\r\n\tL.browserPrint().addTo(map)\r\n```\r\n\r\n**Step 3.**\r\nYou can pass a number of options to the plugin to control various settings.\r\n\r\n| Option        | Type         | Default      | Description   |\r\n| ------------- |--------------|--------------|---------------|\r\n| title | string | \'Print map\' | Sets the text which appears as the tooltip of the print button |\r\n| position | [Leaflet control position](http://leafletjs.com/reference.html#control-positions) | \'topleft\' | Position the print button |\r\n| Portrait | boolean | true | Displays a portrait button |\r\n| Landscape | boolean | true | Displays a landscape button |\r\n| printLayer | [Leaflet tile layer](http://leafletjs.com/reference-0.7.7.html#tilelayer) | null | A tiles layer to show instead of all current active tile layers |\r\n\r\nHere\'s an example of passing through some options.\r\n``` js\r\nL.browserPrint({\r\n\ttitle: \'Just print me!\',\r\n\tLandscape: false,\r\n    printLayer: L.tileLayer(\'http://{s}.tile.opentopomap.org/{z}/{x}/{y}.png\', { maxZoom: 17, attribution: \'Map data: &copy; <a href="http://www.openstreetmap.org/copyright">OpenStreetMap</a>, <a href="http://viewfinderpanoramas.org">SRTM</a> | Map style: &copy; <a href="https://opentopomap.org">OpenTopoMap</a> (<a href="https://creativecommons.org/licenses/by-sa/3.0/">CC-BY-SA</a>)\'})\r\n}).addTo(map);\r\n```\r\n\r\n### Acknowledgements\r\nThanks to [Rowan Winsemius](https://github.com/rowanwins/leaflet-easyPrint) for general idea with a map print functionality.\r\n\r\nAlso thanks to [IcoMoon](http://icomoon.io/) for the print icon.\r\n',
21 silly publish   readmeFilename: 'README.md',
21 silly publish   gitHead: 'ab7812707adc3a81e390787fd4678f938fe66711',
21 silly publish   _id: 'leaflet-browserPrint@0.1.0',
21 silly publish   scripts: {},
21 silly publish   _shasum: 'f39599e11db3447ff0c9184d51d9dadcf6e207b0',
21 silly publish   _from: '.' }
22 verbose getPublishConfig undefined
23 silly mapToRegistry name leaflet-browserPrint
24 silly mapToRegistry using default registry
25 silly mapToRegistry registry https://registry.npmjs.org/
26 silly mapToRegistry data Result {
26 silly mapToRegistry   raw: 'leaflet-browserPrint',
26 silly mapToRegistry   scope: null,
26 silly mapToRegistry   escapedName: 'leaflet-browserPrint',
26 silly mapToRegistry   name: 'leaflet-browserPrint',
26 silly mapToRegistry   rawSpec: '',
26 silly mapToRegistry   spec: 'latest',
26 silly mapToRegistry   type: 'tag' }
27 silly mapToRegistry uri https://registry.npmjs.org/leaflet-browserPrint
28 verbose publish registryBase https://registry.npmjs.org/
29 silly publish uploading C:\Users\User\AppData\Roaming\npm-cache\leaflet-browserPrint\0.1.0\package.tgz
30 verbose request uri https://registry.npmjs.org/leaflet-browserPrint
31 verbose request sending authorization for write operation
32 info attempt registry request try #1 at 3:02:08 PM
33 verbose request using bearer token for auth
34 verbose request id 64e1cd8f8eedd1ef
35 http request PUT https://registry.npmjs.org/leaflet-browserPrint
36 http 400 https://registry.npmjs.org/leaflet-browserPrint
37 verbose headers { 'content-type': 'application/json',
37 verbose headers   'cache-control': 'max-age=300',
37 verbose headers   'content-length': '64',
37 verbose headers   'accept-ranges': 'bytes',
37 verbose headers   date: 'Wed, 17 May 2017 12:02:09 GMT',
37 verbose headers   via: '1.1 varnish',
37 verbose headers   connection: 'keep-alive',
37 verbose headers   'x-served-by': 'cache-hhn1538-HHN',
37 verbose headers   'x-cache': 'MISS',
37 verbose headers   'x-cache-hits': '0',
37 verbose headers   'x-timer': 'S1495022528.174963,VS0,VE1196',
37 verbose headers   vary: 'Accept-Encoding' }
38 verbose request invalidating C:\Users\User\AppData\Roaming\npm-cache\registry.npmjs.org\leaflet-browserPrint on PUT
39 error publish Failed PUT 400
40 verbose stack Error: "leaflet-browserPrint" is invalid for new packages : leaflet-browserPrint
40 verbose stack     at makeError (C:\Program Files\nodejs\node_modules\npm\node_modules\npm-registry-client\lib\request.js:302:12)
40 verbose stack     at CachingRegistryClient.<anonymous> (C:\Program Files\nodejs\node_modules\npm\node_modules\npm-registry-client\lib\request.js:290:14)
40 verbose stack     at Request._callback (C:\Program Files\nodejs\node_modules\npm\node_modules\npm-registry-client\lib\request.js:210:14)
40 verbose stack     at Request.self.callback (C:\Program Files\nodejs\node_modules\npm\node_modules\request\request.js:187:22)
40 verbose stack     at emitTwo (events.js:106:13)
40 verbose stack     at Request.emit (events.js:191:7)
40 verbose stack     at Request.<anonymous> (C:\Program Files\nodejs\node_modules\npm\node_modules\request\request.js:1048:10)
40 verbose stack     at emitOne (events.js:96:13)
40 verbose stack     at Request.emit (events.js:188:7)
40 verbose stack     at IncomingMessage.<anonymous> (C:\Program Files\nodejs\node_modules\npm\node_modules\request\request.js:969:12)
41 verbose statusCode 400
42 verbose pkgid leaflet-browserPrint
43 verbose cwd D:\Source\leaflet-browserPrint
44 error Windows_NT 10.0.14393
45 error argv "C:\\Program Files\\nodejs\\node.exe" "C:\\Program Files\\nodejs\\node_modules\\npm\\bin\\npm-cli.js" "publish"
46 error node v6.9.5
47 error npm  v3.10.10
48 error code E400
49 error "leaflet-browserPrint" is invalid for new packages : leaflet-browserPrint
50 error If you need help, you may report this error at:
50 error     <https://github.com/npm/npm/issues>
51 verbose exit [ 1, true ]
